[2024-07-28T23:32:32.307+0000] {processor.py:161} INFO - Started process (PID=536) to work on /opt/airflow/dags/welcome_dag.py
[2024-07-28T23:32:32.319+0000] {processor.py:830} INFO - Processing file /opt/airflow/dags/welcome_dag.py for tasks to queue
[2024-07-28T23:32:32.324+0000] {logging_mixin.py:188} INFO - [2024-07-28T23:32:32.323+0000] {dagbag.py:545} INFO - Filling up the DagBag from /opt/airflow/dags/welcome_dag.py
[2024-07-28T23:32:32.479+0000] {processor.py:840} INFO - DAG(s) 'welcome_dag' retrieved from /opt/airflow/dags/welcome_dag.py
[2024-07-28T23:32:34.627+0000] {logging_mixin.py:188} INFO - [2024-07-28T23:32:34.626+0000] {dag.py:3089} INFO - Sync 1 DAGs
[2024-07-28T23:32:34.943+0000] {logging_mixin.py:188} INFO - [2024-07-28T23:32:34.942+0000] {dag.py:3947} INFO - Setting next_dagrun for welcome_dag to 2024-07-27 23:00:00+00:00, run_after=2024-07-28 23:00:00+00:00
[2024-07-28T23:32:35.670+0000] {processor.py:183} INFO - Processing /opt/airflow/dags/welcome_dag.py took 3.375 seconds
[2024-07-28T23:33:06.260+0000] {processor.py:161} INFO - Started process (PID=538) to work on /opt/airflow/dags/welcome_dag.py
[2024-07-28T23:33:06.263+0000] {processor.py:830} INFO - Processing file /opt/airflow/dags/welcome_dag.py for tasks to queue
[2024-07-28T23:33:06.266+0000] {logging_mixin.py:188} INFO - [2024-07-28T23:33:06.265+0000] {dagbag.py:545} INFO - Filling up the DagBag from /opt/airflow/dags/welcome_dag.py
[2024-07-28T23:33:06.314+0000] {processor.py:840} INFO - DAG(s) 'welcome_dag' retrieved from /opt/airflow/dags/welcome_dag.py
[2024-07-28T23:33:06.366+0000] {logging_mixin.py:188} INFO - [2024-07-28T23:33:06.365+0000] {dag.py:3089} INFO - Sync 1 DAGs
[2024-07-28T23:33:06.410+0000] {logging_mixin.py:188} INFO - [2024-07-28T23:33:06.410+0000] {dag.py:3947} INFO - Setting next_dagrun for welcome_dag to 2024-07-27 23:00:00+00:00, run_after=2024-07-28 23:00:00+00:00
[2024-07-28T23:33:06.511+0000] {processor.py:183} INFO - Processing /opt/airflow/dags/welcome_dag.py took 0.262 seconds
[2024-07-28T23:33:37.688+0000] {processor.py:161} INFO - Started process (PID=540) to work on /opt/airflow/dags/welcome_dag.py
[2024-07-28T23:33:37.693+0000] {processor.py:830} INFO - Processing file /opt/airflow/dags/welcome_dag.py for tasks to queue
[2024-07-28T23:33:37.718+0000] {logging_mixin.py:188} INFO - [2024-07-28T23:33:37.717+0000] {dagbag.py:545} INFO - Filling up the DagBag from /opt/airflow/dags/welcome_dag.py
[2024-07-28T23:33:37.800+0000] {processor.py:840} INFO - DAG(s) 'welcome_dag' retrieved from /opt/airflow/dags/welcome_dag.py
[2024-07-28T23:33:37.860+0000] {logging_mixin.py:188} INFO - [2024-07-28T23:33:37.860+0000] {dag.py:3089} INFO - Sync 1 DAGs
[2024-07-28T23:33:37.914+0000] {logging_mixin.py:188} INFO - [2024-07-28T23:33:37.913+0000] {dag.py:3947} INFO - Setting next_dagrun for welcome_dag to 2024-07-27 23:00:00+00:00, run_after=2024-07-28 23:00:00+00:00
[2024-07-28T23:33:38.021+0000] {processor.py:183} INFO - Processing /opt/airflow/dags/welcome_dag.py took 0.364 seconds
[2024-07-28T23:34:08.237+0000] {processor.py:161} INFO - Started process (PID=542) to work on /opt/airflow/dags/welcome_dag.py
[2024-07-28T23:34:08.239+0000] {processor.py:830} INFO - Processing file /opt/airflow/dags/welcome_dag.py for tasks to queue
[2024-07-28T23:34:08.243+0000] {logging_mixin.py:188} INFO - [2024-07-28T23:34:08.243+0000] {dagbag.py:545} INFO - Filling up the DagBag from /opt/airflow/dags/welcome_dag.py
[2024-07-28T23:34:08.301+0000] {processor.py:840} INFO - DAG(s) 'welcome_dag' retrieved from /opt/airflow/dags/welcome_dag.py
[2024-07-28T23:34:08.377+0000] {logging_mixin.py:188} INFO - [2024-07-28T23:34:08.377+0000] {dag.py:3089} INFO - Sync 1 DAGs
[2024-07-28T23:34:08.475+0000] {logging_mixin.py:188} INFO - [2024-07-28T23:34:08.475+0000] {dag.py:3947} INFO - Setting next_dagrun for welcome_dag to 2024-07-27 23:00:00+00:00, run_after=2024-07-28 23:00:00+00:00
[2024-07-28T23:34:08.619+0000] {processor.py:183} INFO - Processing /opt/airflow/dags/welcome_dag.py took 0.397 seconds
[2024-07-28T23:34:38.920+0000] {processor.py:161} INFO - Started process (PID=544) to work on /opt/airflow/dags/welcome_dag.py
[2024-07-28T23:34:38.922+0000] {processor.py:830} INFO - Processing file /opt/airflow/dags/welcome_dag.py for tasks to queue
[2024-07-28T23:34:38.926+0000] {logging_mixin.py:188} INFO - [2024-07-28T23:34:38.925+0000] {dagbag.py:545} INFO - Filling up the DagBag from /opt/airflow/dags/welcome_dag.py
[2024-07-28T23:34:38.985+0000] {processor.py:840} INFO - DAG(s) 'welcome_dag' retrieved from /opt/airflow/dags/welcome_dag.py
[2024-07-28T23:34:39.046+0000] {logging_mixin.py:188} INFO - [2024-07-28T23:34:39.045+0000] {dag.py:3089} INFO - Sync 1 DAGs
[2024-07-28T23:34:39.093+0000] {logging_mixin.py:188} INFO - [2024-07-28T23:34:39.093+0000] {dag.py:3947} INFO - Setting next_dagrun for welcome_dag to 2024-07-27 23:00:00+00:00, run_after=2024-07-28 23:00:00+00:00
[2024-07-28T23:34:39.236+0000] {processor.py:183} INFO - Processing /opt/airflow/dags/welcome_dag.py took 0.323 seconds
[2024-07-28T23:35:10.421+0000] {processor.py:161} INFO - Started process (PID=546) to work on /opt/airflow/dags/welcome_dag.py
[2024-07-28T23:35:10.423+0000] {processor.py:830} INFO - Processing file /opt/airflow/dags/welcome_dag.py for tasks to queue
[2024-07-28T23:35:10.427+0000] {logging_mixin.py:188} INFO - [2024-07-28T23:35:10.426+0000] {dagbag.py:545} INFO - Filling up the DagBag from /opt/airflow/dags/welcome_dag.py
[2024-07-28T23:35:10.481+0000] {processor.py:840} INFO - DAG(s) 'welcome_dag' retrieved from /opt/airflow/dags/welcome_dag.py
[2024-07-28T23:35:10.538+0000] {logging_mixin.py:188} INFO - [2024-07-28T23:35:10.537+0000] {dag.py:3089} INFO - Sync 1 DAGs
[2024-07-28T23:35:10.588+0000] {logging_mixin.py:188} INFO - [2024-07-28T23:35:10.588+0000] {dag.py:3947} INFO - Setting next_dagrun for welcome_dag to 2024-07-27 23:00:00+00:00, run_after=2024-07-28 23:00:00+00:00
[2024-07-28T23:35:10.717+0000] {processor.py:183} INFO - Processing /opt/airflow/dags/welcome_dag.py took 0.308 seconds
[2024-07-28T23:35:41.749+0000] {processor.py:161} INFO - Started process (PID=548) to work on /opt/airflow/dags/welcome_dag.py
[2024-07-28T23:35:41.751+0000] {processor.py:830} INFO - Processing file /opt/airflow/dags/welcome_dag.py for tasks to queue
[2024-07-28T23:35:41.755+0000] {logging_mixin.py:188} INFO - [2024-07-28T23:35:41.754+0000] {dagbag.py:545} INFO - Filling up the DagBag from /opt/airflow/dags/welcome_dag.py
[2024-07-28T23:35:41.817+0000] {processor.py:840} INFO - DAG(s) 'welcome_dag' retrieved from /opt/airflow/dags/welcome_dag.py
[2024-07-28T23:35:41.889+0000] {logging_mixin.py:188} INFO - [2024-07-28T23:35:41.889+0000] {dag.py:3089} INFO - Sync 1 DAGs
[2024-07-28T23:35:41.947+0000] {logging_mixin.py:188} INFO - [2024-07-28T23:35:41.947+0000] {dag.py:3947} INFO - Setting next_dagrun for welcome_dag to 2024-07-27 23:00:00+00:00, run_after=2024-07-28 23:00:00+00:00
[2024-07-28T23:35:42.095+0000] {processor.py:183} INFO - Processing /opt/airflow/dags/welcome_dag.py took 0.356 seconds
[2024-07-28T23:36:14.862+0000] {processor.py:161} INFO - Started process (PID=551) to work on /opt/airflow/dags/welcome_dag.py
[2024-07-28T23:36:14.864+0000] {processor.py:830} INFO - Processing file /opt/airflow/dags/welcome_dag.py for tasks to queue
[2024-07-28T23:36:14.868+0000] {logging_mixin.py:188} INFO - [2024-07-28T23:36:14.868+0000] {dagbag.py:545} INFO - Filling up the DagBag from /opt/airflow/dags/welcome_dag.py
[2024-07-28T23:36:14.927+0000] {processor.py:840} INFO - DAG(s) 'welcome_dag' retrieved from /opt/airflow/dags/welcome_dag.py
[2024-07-28T23:36:15.026+0000] {logging_mixin.py:188} INFO - [2024-07-28T23:36:15.026+0000] {dag.py:3089} INFO - Sync 1 DAGs
[2024-07-28T23:36:15.086+0000] {logging_mixin.py:188} INFO - [2024-07-28T23:36:15.085+0000] {dag.py:3947} INFO - Setting next_dagrun for welcome_dag to 2024-07-27 23:00:00+00:00, run_after=2024-07-28 23:00:00+00:00
[2024-07-28T23:36:15.238+0000] {processor.py:183} INFO - Processing /opt/airflow/dags/welcome_dag.py took 0.389 seconds
[2024-07-28T23:36:46.054+0000] {processor.py:161} INFO - Started process (PID=553) to work on /opt/airflow/dags/welcome_dag.py
[2024-07-28T23:36:46.069+0000] {processor.py:830} INFO - Processing file /opt/airflow/dags/welcome_dag.py for tasks to queue
[2024-07-28T23:36:46.083+0000] {logging_mixin.py:188} INFO - [2024-07-28T23:36:46.082+0000] {dagbag.py:545} INFO - Filling up the DagBag from /opt/airflow/dags/welcome_dag.py
[2024-07-28T23:36:46.234+0000] {processor.py:840} INFO - DAG(s) 'welcome_dag' retrieved from /opt/airflow/dags/welcome_dag.py
[2024-07-28T23:36:46.444+0000] {logging_mixin.py:188} INFO - [2024-07-28T23:36:46.443+0000] {dag.py:3089} INFO - Sync 1 DAGs
[2024-07-28T23:36:46.595+0000] {logging_mixin.py:188} INFO - [2024-07-28T23:36:46.595+0000] {dag.py:3947} INFO - Setting next_dagrun for welcome_dag to 2024-07-27 23:00:00+00:00, run_after=2024-07-28 23:00:00+00:00
[2024-07-28T23:36:47.138+0000] {processor.py:183} INFO - Processing /opt/airflow/dags/welcome_dag.py took 1.120 seconds
[2024-07-28T23:37:17.923+0000] {processor.py:161} INFO - Started process (PID=555) to work on /opt/airflow/dags/welcome_dag.py
[2024-07-28T23:37:17.927+0000] {processor.py:830} INFO - Processing file /opt/airflow/dags/welcome_dag.py for tasks to queue
[2024-07-28T23:37:17.940+0000] {logging_mixin.py:188} INFO - [2024-07-28T23:37:17.939+0000] {dagbag.py:545} INFO - Filling up the DagBag from /opt/airflow/dags/welcome_dag.py
[2024-07-28T23:37:18.050+0000] {processor.py:840} INFO - DAG(s) 'welcome_dag' retrieved from /opt/airflow/dags/welcome_dag.py
[2024-07-28T23:37:18.163+0000] {logging_mixin.py:188} INFO - [2024-07-28T23:37:18.162+0000] {dag.py:3089} INFO - Sync 1 DAGs
[2024-07-28T23:37:18.277+0000] {logging_mixin.py:188} INFO - [2024-07-28T23:37:18.277+0000] {dag.py:3947} INFO - Setting next_dagrun for welcome_dag to 2024-07-27 23:00:00+00:00, run_after=2024-07-28 23:00:00+00:00
[2024-07-28T23:37:18.481+0000] {processor.py:183} INFO - Processing /opt/airflow/dags/welcome_dag.py took 0.596 seconds
[2024-07-28T23:37:48.714+0000] {processor.py:161} INFO - Started process (PID=557) to work on /opt/airflow/dags/welcome_dag.py
[2024-07-28T23:37:48.731+0000] {processor.py:830} INFO - Processing file /opt/airflow/dags/welcome_dag.py for tasks to queue
[2024-07-28T23:37:48.743+0000] {logging_mixin.py:188} INFO - [2024-07-28T23:37:48.742+0000] {dagbag.py:545} INFO - Filling up the DagBag from /opt/airflow/dags/welcome_dag.py
[2024-07-28T23:37:48.951+0000] {processor.py:840} INFO - DAG(s) 'welcome_dag' retrieved from /opt/airflow/dags/welcome_dag.py
[2024-07-28T23:37:49.058+0000] {logging_mixin.py:188} INFO - [2024-07-28T23:37:49.058+0000] {dag.py:3089} INFO - Sync 1 DAGs
[2024-07-28T23:37:49.130+0000] {logging_mixin.py:188} INFO - [2024-07-28T23:37:49.129+0000] {dag.py:3947} INFO - Setting next_dagrun for welcome_dag to 2024-07-27 23:00:00+00:00, run_after=2024-07-28 23:00:00+00:00
[2024-07-28T23:37:49.357+0000] {processor.py:183} INFO - Processing /opt/airflow/dags/welcome_dag.py took 0.674 seconds
[2024-07-28T23:38:20.102+0000] {processor.py:161} INFO - Started process (PID=559) to work on /opt/airflow/dags/welcome_dag.py
[2024-07-28T23:38:20.107+0000] {processor.py:830} INFO - Processing file /opt/airflow/dags/welcome_dag.py for tasks to queue
[2024-07-28T23:38:20.119+0000] {logging_mixin.py:188} INFO - [2024-07-28T23:38:20.118+0000] {dagbag.py:545} INFO - Filling up the DagBag from /opt/airflow/dags/welcome_dag.py
[2024-07-28T23:38:20.389+0000] {processor.py:840} INFO - DAG(s) 'welcome_dag' retrieved from /opt/airflow/dags/welcome_dag.py
[2024-07-28T23:38:20.608+0000] {logging_mixin.py:188} INFO - [2024-07-28T23:38:20.607+0000] {dag.py:3089} INFO - Sync 1 DAGs
[2024-07-28T23:38:20.834+0000] {logging_mixin.py:188} INFO - [2024-07-28T23:38:20.833+0000] {dag.py:3947} INFO - Setting next_dagrun for welcome_dag to 2024-07-27 23:00:00+00:00, run_after=2024-07-28 23:00:00+00:00
[2024-07-28T23:38:21.147+0000] {processor.py:183} INFO - Processing /opt/airflow/dags/welcome_dag.py took 1.080 seconds
[2024-07-28T23:38:52.087+0000] {processor.py:161} INFO - Started process (PID=561) to work on /opt/airflow/dags/welcome_dag.py
[2024-07-28T23:38:52.100+0000] {processor.py:830} INFO - Processing file /opt/airflow/dags/welcome_dag.py for tasks to queue
[2024-07-28T23:38:52.117+0000] {logging_mixin.py:188} INFO - [2024-07-28T23:38:52.116+0000] {dagbag.py:545} INFO - Filling up the DagBag from /opt/airflow/dags/welcome_dag.py
[2024-07-28T23:38:52.293+0000] {processor.py:840} INFO - DAG(s) 'welcome_dag' retrieved from /opt/airflow/dags/welcome_dag.py
[2024-07-28T23:38:52.618+0000] {logging_mixin.py:188} INFO - [2024-07-28T23:38:52.617+0000] {dag.py:3089} INFO - Sync 1 DAGs
[2024-07-28T23:38:52.780+0000] {logging_mixin.py:188} INFO - [2024-07-28T23:38:52.779+0000] {dag.py:3947} INFO - Setting next_dagrun for welcome_dag to 2024-07-27 23:00:00+00:00, run_after=2024-07-28 23:00:00+00:00
[2024-07-28T23:38:53.366+0000] {processor.py:183} INFO - Processing /opt/airflow/dags/welcome_dag.py took 1.297 seconds
[2024-07-28T23:39:23.748+0000] {processor.py:161} INFO - Started process (PID=563) to work on /opt/airflow/dags/welcome_dag.py
[2024-07-28T23:39:23.751+0000] {processor.py:830} INFO - Processing file /opt/airflow/dags/welcome_dag.py for tasks to queue
[2024-07-28T23:39:23.757+0000] {logging_mixin.py:188} INFO - [2024-07-28T23:39:23.756+0000] {dagbag.py:545} INFO - Filling up the DagBag from /opt/airflow/dags/welcome_dag.py
[2024-07-28T23:39:23.819+0000] {processor.py:840} INFO - DAG(s) 'welcome_dag' retrieved from /opt/airflow/dags/welcome_dag.py
[2024-07-28T23:39:23.888+0000] {logging_mixin.py:188} INFO - [2024-07-28T23:39:23.888+0000] {dag.py:3089} INFO - Sync 1 DAGs
[2024-07-28T23:39:23.978+0000] {logging_mixin.py:188} INFO - [2024-07-28T23:39:23.977+0000] {dag.py:3947} INFO - Setting next_dagrun for welcome_dag to 2024-07-27 23:00:00+00:00, run_after=2024-07-28 23:00:00+00:00
[2024-07-28T23:39:24.129+0000] {processor.py:183} INFO - Processing /opt/airflow/dags/welcome_dag.py took 0.399 seconds
[2024-07-28T23:39:54.565+0000] {processor.py:161} INFO - Started process (PID=565) to work on /opt/airflow/dags/welcome_dag.py
[2024-07-28T23:39:54.567+0000] {processor.py:830} INFO - Processing file /opt/airflow/dags/welcome_dag.py for tasks to queue
[2024-07-28T23:39:54.572+0000] {logging_mixin.py:188} INFO - [2024-07-28T23:39:54.571+0000] {dagbag.py:545} INFO - Filling up the DagBag from /opt/airflow/dags/welcome_dag.py
[2024-07-28T23:39:54.627+0000] {processor.py:840} INFO - DAG(s) 'welcome_dag' retrieved from /opt/airflow/dags/welcome_dag.py
[2024-07-28T23:39:54.704+0000] {logging_mixin.py:188} INFO - [2024-07-28T23:39:54.703+0000] {dag.py:3089} INFO - Sync 1 DAGs
[2024-07-28T23:39:54.794+0000] {logging_mixin.py:188} INFO - [2024-07-28T23:39:54.793+0000] {dag.py:3947} INFO - Setting next_dagrun for welcome_dag to 2024-07-27 23:00:00+00:00, run_after=2024-07-28 23:00:00+00:00
[2024-07-28T23:39:54.927+0000] {processor.py:183} INFO - Processing /opt/airflow/dags/welcome_dag.py took 0.376 seconds
[2024-07-28T23:40:25.716+0000] {processor.py:161} INFO - Started process (PID=567) to work on /opt/airflow/dags/welcome_dag.py
[2024-07-28T23:40:25.718+0000] {processor.py:830} INFO - Processing file /opt/airflow/dags/welcome_dag.py for tasks to queue
[2024-07-28T23:40:25.731+0000] {logging_mixin.py:188} INFO - [2024-07-28T23:40:25.730+0000] {dagbag.py:545} INFO - Filling up the DagBag from /opt/airflow/dags/welcome_dag.py
[2024-07-28T23:40:25.851+0000] {processor.py:840} INFO - DAG(s) 'welcome_dag' retrieved from /opt/airflow/dags/welcome_dag.py
[2024-07-28T23:40:26.001+0000] {logging_mixin.py:188} INFO - [2024-07-28T23:40:26.001+0000] {dag.py:3089} INFO - Sync 1 DAGs
[2024-07-28T23:40:26.133+0000] {logging_mixin.py:188} INFO - [2024-07-28T23:40:26.132+0000] {dag.py:3947} INFO - Setting next_dagrun for welcome_dag to 2024-07-27 23:00:00+00:00, run_after=2024-07-28 23:00:00+00:00
[2024-07-28T23:40:26.306+0000] {processor.py:183} INFO - Processing /opt/airflow/dags/welcome_dag.py took 0.616 seconds
[2024-07-28T23:40:57.040+0000] {processor.py:161} INFO - Started process (PID=569) to work on /opt/airflow/dags/welcome_dag.py
[2024-07-28T23:40:57.052+0000] {processor.py:830} INFO - Processing file /opt/airflow/dags/welcome_dag.py for tasks to queue
[2024-07-28T23:40:57.057+0000] {logging_mixin.py:188} INFO - [2024-07-28T23:40:57.056+0000] {dagbag.py:545} INFO - Filling up the DagBag from /opt/airflow/dags/welcome_dag.py
[2024-07-28T23:40:57.228+0000] {processor.py:840} INFO - DAG(s) 'welcome_dag' retrieved from /opt/airflow/dags/welcome_dag.py
[2024-07-28T23:40:57.475+0000] {logging_mixin.py:188} INFO - [2024-07-28T23:40:57.474+0000] {dag.py:3089} INFO - Sync 1 DAGs
[2024-07-28T23:40:57.645+0000] {logging_mixin.py:188} INFO - [2024-07-28T23:40:57.634+0000] {dag.py:3947} INFO - Setting next_dagrun for welcome_dag to 2024-07-27 23:00:00+00:00, run_after=2024-07-28 23:00:00+00:00
[2024-07-28T23:40:57.913+0000] {processor.py:183} INFO - Processing /opt/airflow/dags/welcome_dag.py took 0.910 seconds
[2024-07-28T23:41:28.249+0000] {processor.py:161} INFO - Started process (PID=571) to work on /opt/airflow/dags/welcome_dag.py
[2024-07-28T23:41:28.251+0000] {processor.py:830} INFO - Processing file /opt/airflow/dags/welcome_dag.py for tasks to queue
[2024-07-28T23:41:28.255+0000] {logging_mixin.py:188} INFO - [2024-07-28T23:41:28.254+0000] {dagbag.py:545} INFO - Filling up the DagBag from /opt/airflow/dags/welcome_dag.py
[2024-07-28T23:41:28.320+0000] {processor.py:840} INFO - DAG(s) 'welcome_dag' retrieved from /opt/airflow/dags/welcome_dag.py
[2024-07-28T23:41:28.396+0000] {logging_mixin.py:188} INFO - [2024-07-28T23:41:28.395+0000] {dag.py:3089} INFO - Sync 1 DAGs
[2024-07-28T23:41:28.501+0000] {logging_mixin.py:188} INFO - [2024-07-28T23:41:28.500+0000] {dag.py:3947} INFO - Setting next_dagrun for welcome_dag to 2024-07-27 23:00:00+00:00, run_after=2024-07-28 23:00:00+00:00
[2024-07-28T23:41:28.642+0000] {processor.py:183} INFO - Processing /opt/airflow/dags/welcome_dag.py took 0.403 seconds
[2024-07-28T23:41:59.217+0000] {processor.py:161} INFO - Started process (PID=573) to work on /opt/airflow/dags/welcome_dag.py
[2024-07-28T23:41:59.219+0000] {processor.py:830} INFO - Processing file /opt/airflow/dags/welcome_dag.py for tasks to queue
[2024-07-28T23:41:59.234+0000] {logging_mixin.py:188} INFO - [2024-07-28T23:41:59.223+0000] {dagbag.py:545} INFO - Filling up the DagBag from /opt/airflow/dags/welcome_dag.py
[2024-07-28T23:41:59.408+0000] {processor.py:840} INFO - DAG(s) 'welcome_dag' retrieved from /opt/airflow/dags/welcome_dag.py
[2024-07-28T23:41:59.585+0000] {logging_mixin.py:188} INFO - [2024-07-28T23:41:59.585+0000] {dag.py:3089} INFO - Sync 1 DAGs
[2024-07-28T23:41:59.661+0000] {logging_mixin.py:188} INFO - [2024-07-28T23:41:59.660+0000] {dag.py:3947} INFO - Setting next_dagrun for welcome_dag to 2024-07-27 23:00:00+00:00, run_after=2024-07-28 23:00:00+00:00
[2024-07-28T23:41:59.816+0000] {processor.py:183} INFO - Processing /opt/airflow/dags/welcome_dag.py took 0.637 seconds
[2024-07-28T23:42:30.773+0000] {processor.py:161} INFO - Started process (PID=575) to work on /opt/airflow/dags/welcome_dag.py
[2024-07-28T23:42:30.780+0000] {processor.py:830} INFO - Processing file /opt/airflow/dags/welcome_dag.py for tasks to queue
[2024-07-28T23:42:30.790+0000] {logging_mixin.py:188} INFO - [2024-07-28T23:42:30.784+0000] {dagbag.py:545} INFO - Filling up the DagBag from /opt/airflow/dags/welcome_dag.py
[2024-07-28T23:42:31.060+0000] {processor.py:840} INFO - DAG(s) 'welcome_dag' retrieved from /opt/airflow/dags/welcome_dag.py
[2024-07-28T23:42:31.376+0000] {logging_mixin.py:188} INFO - [2024-07-28T23:42:31.375+0000] {dag.py:3089} INFO - Sync 1 DAGs
[2024-07-28T23:42:32.139+0000] {logging_mixin.py:188} INFO - [2024-07-28T23:42:32.138+0000] {dag.py:3947} INFO - Setting next_dagrun for welcome_dag to 2024-07-27 23:00:00+00:00, run_after=2024-07-28 23:00:00+00:00
[2024-07-28T23:42:32.525+0000] {processor.py:183} INFO - Processing /opt/airflow/dags/welcome_dag.py took 1.789 seconds
[2024-07-28T23:43:03.580+0000] {processor.py:161} INFO - Started process (PID=577) to work on /opt/airflow/dags/welcome_dag.py
[2024-07-28T23:43:03.582+0000] {processor.py:830} INFO - Processing file /opt/airflow/dags/welcome_dag.py for tasks to queue
[2024-07-28T23:43:03.585+0000] {logging_mixin.py:188} INFO - [2024-07-28T23:43:03.585+0000] {dagbag.py:545} INFO - Filling up the DagBag from /opt/airflow/dags/welcome_dag.py
[2024-07-28T23:43:03.643+0000] {processor.py:840} INFO - DAG(s) 'welcome_dag' retrieved from /opt/airflow/dags/welcome_dag.py
[2024-07-28T23:43:03.704+0000] {logging_mixin.py:188} INFO - [2024-07-28T23:43:03.704+0000] {dag.py:3089} INFO - Sync 1 DAGs
[2024-07-28T23:43:03.753+0000] {logging_mixin.py:188} INFO - [2024-07-28T23:43:03.752+0000] {dag.py:3947} INFO - Setting next_dagrun for welcome_dag to 2024-07-27 23:00:00+00:00, run_after=2024-07-28 23:00:00+00:00
[2024-07-28T23:43:03.909+0000] {processor.py:183} INFO - Processing /opt/airflow/dags/welcome_dag.py took 0.339 seconds
[2024-07-28T23:43:34.438+0000] {processor.py:161} INFO - Started process (PID=579) to work on /opt/airflow/dags/welcome_dag.py
[2024-07-28T23:43:34.440+0000] {processor.py:830} INFO - Processing file /opt/airflow/dags/welcome_dag.py for tasks to queue
[2024-07-28T23:43:34.443+0000] {logging_mixin.py:188} INFO - [2024-07-28T23:43:34.443+0000] {dagbag.py:545} INFO - Filling up the DagBag from /opt/airflow/dags/welcome_dag.py
[2024-07-28T23:43:34.501+0000] {processor.py:840} INFO - DAG(s) 'welcome_dag' retrieved from /opt/airflow/dags/welcome_dag.py
[2024-07-28T23:43:34.595+0000] {logging_mixin.py:188} INFO - [2024-07-28T23:43:34.594+0000] {dag.py:3089} INFO - Sync 1 DAGs
[2024-07-28T23:43:34.645+0000] {logging_mixin.py:188} INFO - [2024-07-28T23:43:34.645+0000] {dag.py:3947} INFO - Setting next_dagrun for welcome_dag to 2024-07-27 23:00:00+00:00, run_after=2024-07-28 23:00:00+00:00
[2024-07-28T23:43:34.827+0000] {processor.py:183} INFO - Processing /opt/airflow/dags/welcome_dag.py took 0.398 seconds
[2024-07-28T23:44:05.365+0000] {processor.py:161} INFO - Started process (PID=581) to work on /opt/airflow/dags/welcome_dag.py
[2024-07-28T23:44:05.367+0000] {processor.py:830} INFO - Processing file /opt/airflow/dags/welcome_dag.py for tasks to queue
[2024-07-28T23:44:05.372+0000] {logging_mixin.py:188} INFO - [2024-07-28T23:44:05.371+0000] {dagbag.py:545} INFO - Filling up the DagBag from /opt/airflow/dags/welcome_dag.py
[2024-07-28T23:44:05.433+0000] {processor.py:840} INFO - DAG(s) 'welcome_dag' retrieved from /opt/airflow/dags/welcome_dag.py
[2024-07-28T23:44:05.494+0000] {logging_mixin.py:188} INFO - [2024-07-28T23:44:05.494+0000] {dag.py:3089} INFO - Sync 1 DAGs
[2024-07-28T23:44:05.552+0000] {logging_mixin.py:188} INFO - [2024-07-28T23:44:05.551+0000] {dag.py:3947} INFO - Setting next_dagrun for welcome_dag to 2024-07-27 23:00:00+00:00, run_after=2024-07-28 23:00:00+00:00
[2024-07-28T23:44:05.728+0000] {processor.py:183} INFO - Processing /opt/airflow/dags/welcome_dag.py took 0.374 seconds
[2024-07-28T23:44:36.263+0000] {processor.py:161} INFO - Started process (PID=583) to work on /opt/airflow/dags/welcome_dag.py
[2024-07-28T23:44:36.265+0000] {processor.py:830} INFO - Processing file /opt/airflow/dags/welcome_dag.py for tasks to queue
[2024-07-28T23:44:36.270+0000] {logging_mixin.py:188} INFO - [2024-07-28T23:44:36.269+0000] {dagbag.py:545} INFO - Filling up the DagBag from /opt/airflow/dags/welcome_dag.py
[2024-07-28T23:44:36.338+0000] {processor.py:840} INFO - DAG(s) 'welcome_dag' retrieved from /opt/airflow/dags/welcome_dag.py
[2024-07-28T23:44:36.406+0000] {logging_mixin.py:188} INFO - [2024-07-28T23:44:36.405+0000] {dag.py:3089} INFO - Sync 1 DAGs
[2024-07-28T23:44:36.464+0000] {logging_mixin.py:188} INFO - [2024-07-28T23:44:36.464+0000] {dag.py:3947} INFO - Setting next_dagrun for welcome_dag to 2024-07-27 23:00:00+00:00, run_after=2024-07-28 23:00:00+00:00
[2024-07-28T23:44:36.609+0000] {processor.py:183} INFO - Processing /opt/airflow/dags/welcome_dag.py took 0.358 seconds
[2024-07-28T23:45:06.708+0000] {processor.py:161} INFO - Started process (PID=585) to work on /opt/airflow/dags/welcome_dag.py
[2024-07-28T23:45:06.711+0000] {processor.py:830} INFO - Processing file /opt/airflow/dags/welcome_dag.py for tasks to queue
[2024-07-28T23:45:06.714+0000] {logging_mixin.py:188} INFO - [2024-07-28T23:45:06.714+0000] {dagbag.py:545} INFO - Filling up the DagBag from /opt/airflow/dags/welcome_dag.py
[2024-07-28T23:45:06.773+0000] {processor.py:840} INFO - DAG(s) 'welcome_dag' retrieved from /opt/airflow/dags/welcome_dag.py
[2024-07-28T23:45:06.830+0000] {logging_mixin.py:188} INFO - [2024-07-28T23:45:06.830+0000] {dag.py:3089} INFO - Sync 1 DAGs
[2024-07-28T23:45:06.884+0000] {logging_mixin.py:188} INFO - [2024-07-28T23:45:06.884+0000] {dag.py:3947} INFO - Setting next_dagrun for welcome_dag to 2024-07-27 23:00:00+00:00, run_after=2024-07-28 23:00:00+00:00
[2024-07-28T23:45:07.038+0000] {processor.py:183} INFO - Processing /opt/airflow/dags/welcome_dag.py took 0.338 seconds
[2024-07-28T23:45:37.371+0000] {processor.py:161} INFO - Started process (PID=587) to work on /opt/airflow/dags/welcome_dag.py
[2024-07-28T23:45:37.374+0000] {processor.py:830} INFO - Processing file /opt/airflow/dags/welcome_dag.py for tasks to queue
[2024-07-28T23:45:37.377+0000] {logging_mixin.py:188} INFO - [2024-07-28T23:45:37.376+0000] {dagbag.py:545} INFO - Filling up the DagBag from /opt/airflow/dags/welcome_dag.py
[2024-07-28T23:45:37.441+0000] {processor.py:840} INFO - DAG(s) 'welcome_dag' retrieved from /opt/airflow/dags/welcome_dag.py
[2024-07-28T23:45:37.506+0000] {logging_mixin.py:188} INFO - [2024-07-28T23:45:37.506+0000] {dag.py:3089} INFO - Sync 1 DAGs
[2024-07-28T23:45:37.559+0000] {logging_mixin.py:188} INFO - [2024-07-28T23:45:37.559+0000] {dag.py:3947} INFO - Setting next_dagrun for welcome_dag to 2024-07-27 23:00:00+00:00, run_after=2024-07-28 23:00:00+00:00
[2024-07-28T23:45:37.714+0000] {processor.py:183} INFO - Processing /opt/airflow/dags/welcome_dag.py took 0.354 seconds
[2024-07-28T23:46:08.032+0000] {processor.py:161} INFO - Started process (PID=589) to work on /opt/airflow/dags/welcome_dag.py
[2024-07-28T23:46:08.033+0000] {processor.py:830} INFO - Processing file /opt/airflow/dags/welcome_dag.py for tasks to queue
[2024-07-28T23:46:08.039+0000] {logging_mixin.py:188} INFO - [2024-07-28T23:46:08.037+0000] {dagbag.py:545} INFO - Filling up the DagBag from /opt/airflow/dags/welcome_dag.py
[2024-07-28T23:46:08.145+0000] {processor.py:840} INFO - DAG(s) 'welcome_dag' retrieved from /opt/airflow/dags/welcome_dag.py
[2024-07-28T23:46:08.521+0000] {logging_mixin.py:188} INFO - [2024-07-28T23:46:08.521+0000] {dag.py:3089} INFO - Sync 1 DAGs
[2024-07-28T23:46:08.606+0000] {logging_mixin.py:188} INFO - [2024-07-28T23:46:08.606+0000] {dag.py:3947} INFO - Setting next_dagrun for welcome_dag to 2024-07-27 23:00:00+00:00, run_after=2024-07-28 23:00:00+00:00
[2024-07-28T23:46:08.731+0000] {processor.py:183} INFO - Processing /opt/airflow/dags/welcome_dag.py took 0.714 seconds
[2024-07-28T23:46:39.411+0000] {processor.py:161} INFO - Started process (PID=591) to work on /opt/airflow/dags/welcome_dag.py
[2024-07-28T23:46:39.416+0000] {processor.py:830} INFO - Processing file /opt/airflow/dags/welcome_dag.py for tasks to queue
[2024-07-28T23:46:39.427+0000] {logging_mixin.py:188} INFO - [2024-07-28T23:46:39.425+0000] {dagbag.py:545} INFO - Filling up the DagBag from /opt/airflow/dags/welcome_dag.py
[2024-07-28T23:46:39.513+0000] {processor.py:840} INFO - DAG(s) 'welcome_dag' retrieved from /opt/airflow/dags/welcome_dag.py
[2024-07-28T23:46:39.577+0000] {logging_mixin.py:188} INFO - [2024-07-28T23:46:39.577+0000] {dag.py:3089} INFO - Sync 1 DAGs
[2024-07-28T23:46:39.626+0000] {logging_mixin.py:188} INFO - [2024-07-28T23:46:39.626+0000] {dag.py:3947} INFO - Setting next_dagrun for welcome_dag to 2024-07-27 23:00:00+00:00, run_after=2024-07-28 23:00:00+00:00
[2024-07-28T23:46:39.818+0000] {processor.py:183} INFO - Processing /opt/airflow/dags/welcome_dag.py took 0.440 seconds
[2024-07-28T23:47:10.262+0000] {processor.py:161} INFO - Started process (PID=593) to work on /opt/airflow/dags/welcome_dag.py
[2024-07-28T23:47:10.264+0000] {processor.py:830} INFO - Processing file /opt/airflow/dags/welcome_dag.py for tasks to queue
[2024-07-28T23:47:10.267+0000] {logging_mixin.py:188} INFO - [2024-07-28T23:47:10.267+0000] {dagbag.py:545} INFO - Filling up the DagBag from /opt/airflow/dags/welcome_dag.py
[2024-07-28T23:47:10.336+0000] {processor.py:840} INFO - DAG(s) 'welcome_dag' retrieved from /opt/airflow/dags/welcome_dag.py
[2024-07-28T23:47:10.399+0000] {logging_mixin.py:188} INFO - [2024-07-28T23:47:10.399+0000] {dag.py:3089} INFO - Sync 1 DAGs
[2024-07-28T23:47:10.449+0000] {logging_mixin.py:188} INFO - [2024-07-28T23:47:10.449+0000] {dag.py:3947} INFO - Setting next_dagrun for welcome_dag to 2024-07-27 23:00:00+00:00, run_after=2024-07-28 23:00:00+00:00
[2024-07-28T23:47:10.584+0000] {processor.py:183} INFO - Processing /opt/airflow/dags/welcome_dag.py took 0.332 seconds
[2024-07-28T23:47:41.077+0000] {processor.py:161} INFO - Started process (PID=595) to work on /opt/airflow/dags/welcome_dag.py
[2024-07-28T23:47:41.079+0000] {processor.py:830} INFO - Processing file /opt/airflow/dags/welcome_dag.py for tasks to queue
[2024-07-28T23:47:41.082+0000] {logging_mixin.py:188} INFO - [2024-07-28T23:47:41.081+0000] {dagbag.py:545} INFO - Filling up the DagBag from /opt/airflow/dags/welcome_dag.py
[2024-07-28T23:47:41.147+0000] {processor.py:840} INFO - DAG(s) 'welcome_dag' retrieved from /opt/airflow/dags/welcome_dag.py
[2024-07-28T23:47:41.216+0000] {logging_mixin.py:188} INFO - [2024-07-28T23:47:41.216+0000] {dag.py:3089} INFO - Sync 1 DAGs
[2024-07-28T23:47:41.268+0000] {logging_mixin.py:188} INFO - [2024-07-28T23:47:41.268+0000] {dag.py:3947} INFO - Setting next_dagrun for welcome_dag to 2024-07-27 23:00:00+00:00, run_after=2024-07-28 23:00:00+00:00
[2024-07-28T23:47:41.424+0000] {processor.py:183} INFO - Processing /opt/airflow/dags/welcome_dag.py took 0.356 seconds
[2024-07-28T23:48:12.008+0000] {processor.py:161} INFO - Started process (PID=597) to work on /opt/airflow/dags/welcome_dag.py
[2024-07-28T23:48:12.010+0000] {processor.py:830} INFO - Processing file /opt/airflow/dags/welcome_dag.py for tasks to queue
[2024-07-28T23:48:12.014+0000] {logging_mixin.py:188} INFO - [2024-07-28T23:48:12.013+0000] {dagbag.py:545} INFO - Filling up the DagBag from /opt/airflow/dags/welcome_dag.py
[2024-07-28T23:48:12.075+0000] {processor.py:840} INFO - DAG(s) 'welcome_dag' retrieved from /opt/airflow/dags/welcome_dag.py
[2024-07-28T23:48:12.148+0000] {logging_mixin.py:188} INFO - [2024-07-28T23:48:12.147+0000] {dag.py:3089} INFO - Sync 1 DAGs
[2024-07-28T23:48:12.198+0000] {logging_mixin.py:188} INFO - [2024-07-28T23:48:12.198+0000] {dag.py:3947} INFO - Setting next_dagrun for welcome_dag to 2024-07-27 23:00:00+00:00, run_after=2024-07-28 23:00:00+00:00
[2024-07-28T23:48:12.314+0000] {processor.py:183} INFO - Processing /opt/airflow/dags/welcome_dag.py took 0.317 seconds
[2024-07-28T23:48:42.930+0000] {processor.py:161} INFO - Started process (PID=599) to work on /opt/airflow/dags/welcome_dag.py
[2024-07-28T23:48:42.942+0000] {processor.py:830} INFO - Processing file /opt/airflow/dags/welcome_dag.py for tasks to queue
[2024-07-28T23:48:42.956+0000] {logging_mixin.py:188} INFO - [2024-07-28T23:48:42.948+0000] {dagbag.py:545} INFO - Filling up the DagBag from /opt/airflow/dags/welcome_dag.py
[2024-07-28T23:48:43.035+0000] {processor.py:840} INFO - DAG(s) 'welcome_dag' retrieved from /opt/airflow/dags/welcome_dag.py
[2024-07-28T23:48:43.087+0000] {logging_mixin.py:188} INFO - [2024-07-28T23:48:43.086+0000] {dag.py:3089} INFO - Sync 1 DAGs
[2024-07-28T23:48:43.131+0000] {logging_mixin.py:188} INFO - [2024-07-28T23:48:43.130+0000] {dag.py:3947} INFO - Setting next_dagrun for welcome_dag to 2024-07-27 23:00:00+00:00, run_after=2024-07-28 23:00:00+00:00
[2024-07-28T23:48:43.273+0000] {processor.py:183} INFO - Processing /opt/airflow/dags/welcome_dag.py took 0.375 seconds
[2024-07-28T23:49:13.925+0000] {processor.py:161} INFO - Started process (PID=601) to work on /opt/airflow/dags/welcome_dag.py
[2024-07-28T23:49:13.926+0000] {processor.py:830} INFO - Processing file /opt/airflow/dags/welcome_dag.py for tasks to queue
[2024-07-28T23:49:13.930+0000] {logging_mixin.py:188} INFO - [2024-07-28T23:49:13.929+0000] {dagbag.py:545} INFO - Filling up the DagBag from /opt/airflow/dags/welcome_dag.py
[2024-07-28T23:49:13.992+0000] {processor.py:840} INFO - DAG(s) 'welcome_dag' retrieved from /opt/airflow/dags/welcome_dag.py
[2024-07-28T23:49:14.054+0000] {logging_mixin.py:188} INFO - [2024-07-28T23:49:14.053+0000] {dag.py:3089} INFO - Sync 1 DAGs
[2024-07-28T23:49:14.104+0000] {logging_mixin.py:188} INFO - [2024-07-28T23:49:14.104+0000] {dag.py:3947} INFO - Setting next_dagrun for welcome_dag to 2024-07-27 23:00:00+00:00, run_after=2024-07-28 23:00:00+00:00
[2024-07-28T23:49:14.250+0000] {processor.py:183} INFO - Processing /opt/airflow/dags/welcome_dag.py took 0.335 seconds
[2024-07-28T23:49:44.611+0000] {processor.py:161} INFO - Started process (PID=603) to work on /opt/airflow/dags/welcome_dag.py
[2024-07-28T23:49:44.613+0000] {processor.py:830} INFO - Processing file /opt/airflow/dags/welcome_dag.py for tasks to queue
[2024-07-28T23:49:44.617+0000] {logging_mixin.py:188} INFO - [2024-07-28T23:49:44.617+0000] {dagbag.py:545} INFO - Filling up the DagBag from /opt/airflow/dags/welcome_dag.py
[2024-07-28T23:49:44.693+0000] {processor.py:840} INFO - DAG(s) 'welcome_dag' retrieved from /opt/airflow/dags/welcome_dag.py
[2024-07-28T23:49:44.753+0000] {logging_mixin.py:188} INFO - [2024-07-28T23:49:44.753+0000] {dag.py:3089} INFO - Sync 1 DAGs
[2024-07-28T23:49:44.803+0000] {logging_mixin.py:188} INFO - [2024-07-28T23:49:44.803+0000] {dag.py:3947} INFO - Setting next_dagrun for welcome_dag to 2024-07-27 23:00:00+00:00, run_after=2024-07-28 23:00:00+00:00
[2024-07-28T23:49:44.955+0000] {processor.py:183} INFO - Processing /opt/airflow/dags/welcome_dag.py took 0.354 seconds
[2024-07-28T23:50:15.601+0000] {processor.py:161} INFO - Started process (PID=605) to work on /opt/airflow/dags/welcome_dag.py
[2024-07-28T23:50:15.603+0000] {processor.py:830} INFO - Processing file /opt/airflow/dags/welcome_dag.py for tasks to queue
[2024-07-28T23:50:15.607+0000] {logging_mixin.py:188} INFO - [2024-07-28T23:50:15.606+0000] {dagbag.py:545} INFO - Filling up the DagBag from /opt/airflow/dags/welcome_dag.py
[2024-07-28T23:50:15.675+0000] {processor.py:840} INFO - DAG(s) 'welcome_dag' retrieved from /opt/airflow/dags/welcome_dag.py
[2024-07-28T23:50:15.735+0000] {logging_mixin.py:188} INFO - [2024-07-28T23:50:15.734+0000] {dag.py:3089} INFO - Sync 1 DAGs
[2024-07-28T23:50:15.790+0000] {logging_mixin.py:188} INFO - [2024-07-28T23:50:15.790+0000] {dag.py:3947} INFO - Setting next_dagrun for welcome_dag to 2024-07-27 23:00:00+00:00, run_after=2024-07-28 23:00:00+00:00
[2024-07-28T23:50:15.947+0000] {processor.py:183} INFO - Processing /opt/airflow/dags/welcome_dag.py took 0.357 seconds
[2024-07-28T23:50:46.514+0000] {processor.py:161} INFO - Started process (PID=607) to work on /opt/airflow/dags/welcome_dag.py
[2024-07-28T23:50:46.516+0000] {processor.py:830} INFO - Processing file /opt/airflow/dags/welcome_dag.py for tasks to queue
[2024-07-28T23:50:46.519+0000] {logging_mixin.py:188} INFO - [2024-07-28T23:50:46.519+0000] {dagbag.py:545} INFO - Filling up the DagBag from /opt/airflow/dags/welcome_dag.py
[2024-07-28T23:50:46.600+0000] {processor.py:840} INFO - DAG(s) 'welcome_dag' retrieved from /opt/airflow/dags/welcome_dag.py
[2024-07-28T23:50:46.661+0000] {logging_mixin.py:188} INFO - [2024-07-28T23:50:46.661+0000] {dag.py:3089} INFO - Sync 1 DAGs
[2024-07-28T23:50:46.708+0000] {logging_mixin.py:188} INFO - [2024-07-28T23:50:46.707+0000] {dag.py:3947} INFO - Setting next_dagrun for welcome_dag to 2024-07-27 23:00:00+00:00, run_after=2024-07-28 23:00:00+00:00
[2024-07-28T23:50:46.876+0000] {processor.py:183} INFO - Processing /opt/airflow/dags/welcome_dag.py took 0.371 seconds
[2024-07-28T23:51:17.346+0000] {processor.py:161} INFO - Started process (PID=609) to work on /opt/airflow/dags/welcome_dag.py
[2024-07-28T23:51:17.348+0000] {processor.py:830} INFO - Processing file /opt/airflow/dags/welcome_dag.py for tasks to queue
[2024-07-28T23:51:17.351+0000] {logging_mixin.py:188} INFO - [2024-07-28T23:51:17.351+0000] {dagbag.py:545} INFO - Filling up the DagBag from /opt/airflow/dags/welcome_dag.py
[2024-07-28T23:51:17.420+0000] {processor.py:840} INFO - DAG(s) 'welcome_dag' retrieved from /opt/airflow/dags/welcome_dag.py
[2024-07-28T23:51:17.491+0000] {logging_mixin.py:188} INFO - [2024-07-28T23:51:17.491+0000] {dag.py:3089} INFO - Sync 1 DAGs
[2024-07-28T23:51:17.542+0000] {logging_mixin.py:188} INFO - [2024-07-28T23:51:17.541+0000] {dag.py:3947} INFO - Setting next_dagrun for welcome_dag to 2024-07-27 23:00:00+00:00, run_after=2024-07-28 23:00:00+00:00
[2024-07-28T23:51:17.666+0000] {processor.py:183} INFO - Processing /opt/airflow/dags/welcome_dag.py took 0.329 seconds
[2024-07-28T23:51:47.894+0000] {processor.py:161} INFO - Started process (PID=611) to work on /opt/airflow/dags/welcome_dag.py
[2024-07-28T23:51:47.895+0000] {processor.py:830} INFO - Processing file /opt/airflow/dags/welcome_dag.py for tasks to queue
[2024-07-28T23:51:47.899+0000] {logging_mixin.py:188} INFO - [2024-07-28T23:51:47.898+0000] {dagbag.py:545} INFO - Filling up the DagBag from /opt/airflow/dags/welcome_dag.py
[2024-07-28T23:51:47.954+0000] {processor.py:840} INFO - DAG(s) 'welcome_dag' retrieved from /opt/airflow/dags/welcome_dag.py
[2024-07-28T23:51:48.013+0000] {logging_mixin.py:188} INFO - [2024-07-28T23:51:48.012+0000] {dag.py:3089} INFO - Sync 1 DAGs
[2024-07-28T23:51:48.063+0000] {logging_mixin.py:188} INFO - [2024-07-28T23:51:48.063+0000] {dag.py:3947} INFO - Setting next_dagrun for welcome_dag to 2024-07-27 23:00:00+00:00, run_after=2024-07-28 23:00:00+00:00
[2024-07-28T23:51:48.222+0000] {processor.py:183} INFO - Processing /opt/airflow/dags/welcome_dag.py took 0.343 seconds
[2024-07-28T23:52:18.817+0000] {processor.py:161} INFO - Started process (PID=613) to work on /opt/airflow/dags/welcome_dag.py
[2024-07-28T23:52:18.819+0000] {processor.py:830} INFO - Processing file /opt/airflow/dags/welcome_dag.py for tasks to queue
[2024-07-28T23:52:18.827+0000] {logging_mixin.py:188} INFO - [2024-07-28T23:52:18.826+0000] {dagbag.py:545} INFO - Filling up the DagBag from /opt/airflow/dags/welcome_dag.py
[2024-07-28T23:52:18.910+0000] {processor.py:840} INFO - DAG(s) 'welcome_dag' retrieved from /opt/airflow/dags/welcome_dag.py
[2024-07-28T23:52:19.005+0000] {logging_mixin.py:188} INFO - [2024-07-28T23:52:19.004+0000] {dag.py:3089} INFO - Sync 1 DAGs
[2024-07-28T23:52:19.053+0000] {logging_mixin.py:188} INFO - [2024-07-28T23:52:19.053+0000] {dag.py:3947} INFO - Setting next_dagrun for welcome_dag to 2024-07-27 23:00:00+00:00, run_after=2024-07-28 23:00:00+00:00
[2024-07-28T23:52:19.168+0000] {processor.py:183} INFO - Processing /opt/airflow/dags/welcome_dag.py took 0.363 seconds
[2024-07-28T23:52:49.946+0000] {processor.py:161} INFO - Started process (PID=615) to work on /opt/airflow/dags/welcome_dag.py
[2024-07-28T23:52:49.949+0000] {processor.py:830} INFO - Processing file /opt/airflow/dags/welcome_dag.py for tasks to queue
[2024-07-28T23:52:49.965+0000] {logging_mixin.py:188} INFO - [2024-07-28T23:52:49.963+0000] {dagbag.py:545} INFO - Filling up the DagBag from /opt/airflow/dags/welcome_dag.py
[2024-07-28T23:52:50.047+0000] {processor.py:840} INFO - DAG(s) 'welcome_dag' retrieved from /opt/airflow/dags/welcome_dag.py
[2024-07-28T23:52:50.112+0000] {logging_mixin.py:188} INFO - [2024-07-28T23:52:50.111+0000] {dag.py:3089} INFO - Sync 1 DAGs
[2024-07-28T23:52:50.186+0000] {logging_mixin.py:188} INFO - [2024-07-28T23:52:50.185+0000] {dag.py:3947} INFO - Setting next_dagrun for welcome_dag to 2024-07-27 23:00:00+00:00, run_after=2024-07-28 23:00:00+00:00
[2024-07-28T23:52:50.347+0000] {processor.py:183} INFO - Processing /opt/airflow/dags/welcome_dag.py took 0.430 seconds
[2024-07-28T23:53:21.054+0000] {processor.py:161} INFO - Started process (PID=617) to work on /opt/airflow/dags/welcome_dag.py
[2024-07-28T23:53:21.066+0000] {processor.py:830} INFO - Processing file /opt/airflow/dags/welcome_dag.py for tasks to queue
[2024-07-28T23:53:21.070+0000] {logging_mixin.py:188} INFO - [2024-07-28T23:53:21.070+0000] {dagbag.py:545} INFO - Filling up the DagBag from /opt/airflow/dags/welcome_dag.py
[2024-07-28T23:53:21.142+0000] {processor.py:840} INFO - DAG(s) 'welcome_dag' retrieved from /opt/airflow/dags/welcome_dag.py
[2024-07-28T23:53:21.195+0000] {logging_mixin.py:188} INFO - [2024-07-28T23:53:21.195+0000] {dag.py:3089} INFO - Sync 1 DAGs
[2024-07-28T23:53:21.239+0000] {logging_mixin.py:188} INFO - [2024-07-28T23:53:21.239+0000] {dag.py:3947} INFO - Setting next_dagrun for welcome_dag to 2024-07-27 23:00:00+00:00, run_after=2024-07-28 23:00:00+00:00
[2024-07-28T23:53:21.392+0000] {processor.py:183} INFO - Processing /opt/airflow/dags/welcome_dag.py took 0.362 seconds
[2024-07-28T23:53:51.879+0000] {processor.py:161} INFO - Started process (PID=619) to work on /opt/airflow/dags/welcome_dag.py
[2024-07-28T23:53:51.881+0000] {processor.py:830} INFO - Processing file /opt/airflow/dags/welcome_dag.py for tasks to queue
[2024-07-28T23:53:51.885+0000] {logging_mixin.py:188} INFO - [2024-07-28T23:53:51.884+0000] {dagbag.py:545} INFO - Filling up the DagBag from /opt/airflow/dags/welcome_dag.py
[2024-07-28T23:53:51.952+0000] {processor.py:840} INFO - DAG(s) 'welcome_dag' retrieved from /opt/airflow/dags/welcome_dag.py
[2024-07-28T23:53:52.032+0000] {logging_mixin.py:188} INFO - [2024-07-28T23:53:52.031+0000] {dag.py:3089} INFO - Sync 1 DAGs
[2024-07-28T23:53:52.105+0000] {logging_mixin.py:188} INFO - [2024-07-28T23:53:52.105+0000] {dag.py:3947} INFO - Setting next_dagrun for welcome_dag to 2024-07-27 23:00:00+00:00, run_after=2024-07-28 23:00:00+00:00
[2024-07-28T23:53:52.260+0000] {processor.py:183} INFO - Processing /opt/airflow/dags/welcome_dag.py took 0.391 seconds
[2024-07-28T23:54:22.927+0000] {processor.py:161} INFO - Started process (PID=621) to work on /opt/airflow/dags/welcome_dag.py
[2024-07-28T23:54:22.930+0000] {processor.py:830} INFO - Processing file /opt/airflow/dags/welcome_dag.py for tasks to queue
[2024-07-28T23:54:22.933+0000] {logging_mixin.py:188} INFO - [2024-07-28T23:54:22.932+0000] {dagbag.py:545} INFO - Filling up the DagBag from /opt/airflow/dags/welcome_dag.py
[2024-07-28T23:54:22.995+0000] {processor.py:840} INFO - DAG(s) 'welcome_dag' retrieved from /opt/airflow/dags/welcome_dag.py
[2024-07-28T23:54:23.066+0000] {logging_mixin.py:188} INFO - [2024-07-28T23:54:23.065+0000] {dag.py:3089} INFO - Sync 1 DAGs
[2024-07-28T23:54:23.138+0000] {logging_mixin.py:188} INFO - [2024-07-28T23:54:23.137+0000] {dag.py:3947} INFO - Setting next_dagrun for welcome_dag to 2024-07-27 23:00:00+00:00, run_after=2024-07-28 23:00:00+00:00
[2024-07-28T23:54:23.267+0000] {processor.py:183} INFO - Processing /opt/airflow/dags/welcome_dag.py took 0.349 seconds
[2024-07-28T23:54:53.493+0000] {processor.py:161} INFO - Started process (PID=623) to work on /opt/airflow/dags/welcome_dag.py
[2024-07-28T23:54:53.495+0000] {processor.py:830} INFO - Processing file /opt/airflow/dags/welcome_dag.py for tasks to queue
[2024-07-28T23:54:53.499+0000] {logging_mixin.py:188} INFO - [2024-07-28T23:54:53.498+0000] {dagbag.py:545} INFO - Filling up the DagBag from /opt/airflow/dags/welcome_dag.py
[2024-07-28T23:54:53.555+0000] {processor.py:840} INFO - DAG(s) 'welcome_dag' retrieved from /opt/airflow/dags/welcome_dag.py
[2024-07-28T23:54:53.617+0000] {logging_mixin.py:188} INFO - [2024-07-28T23:54:53.617+0000] {dag.py:3089} INFO - Sync 1 DAGs
[2024-07-28T23:54:53.666+0000] {logging_mixin.py:188} INFO - [2024-07-28T23:54:53.666+0000] {dag.py:3947} INFO - Setting next_dagrun for welcome_dag to 2024-07-27 23:00:00+00:00, run_after=2024-07-28 23:00:00+00:00
[2024-07-28T23:54:53.829+0000] {processor.py:183} INFO - Processing /opt/airflow/dags/welcome_dag.py took 0.345 seconds
[2024-07-28T23:55:23.970+0000] {processor.py:161} INFO - Started process (PID=625) to work on /opt/airflow/dags/welcome_dag.py
[2024-07-28T23:55:23.972+0000] {processor.py:830} INFO - Processing file /opt/airflow/dags/welcome_dag.py for tasks to queue
[2024-07-28T23:55:23.977+0000] {logging_mixin.py:188} INFO - [2024-07-28T23:55:23.976+0000] {dagbag.py:545} INFO - Filling up the DagBag from /opt/airflow/dags/welcome_dag.py
[2024-07-28T23:55:24.031+0000] {processor.py:840} INFO - DAG(s) 'welcome_dag' retrieved from /opt/airflow/dags/welcome_dag.py
[2024-07-28T23:55:24.088+0000] {logging_mixin.py:188} INFO - [2024-07-28T23:55:24.087+0000] {dag.py:3089} INFO - Sync 1 DAGs
[2024-07-28T23:55:24.133+0000] {logging_mixin.py:188} INFO - [2024-07-28T23:55:24.133+0000] {dag.py:3947} INFO - Setting next_dagrun for welcome_dag to 2024-07-27 23:00:00+00:00, run_after=2024-07-28 23:00:00+00:00
[2024-07-28T23:55:24.260+0000] {processor.py:183} INFO - Processing /opt/airflow/dags/welcome_dag.py took 0.304 seconds
[2024-07-28T23:55:54.844+0000] {processor.py:161} INFO - Started process (PID=627) to work on /opt/airflow/dags/welcome_dag.py
[2024-07-28T23:55:54.848+0000] {processor.py:830} INFO - Processing file /opt/airflow/dags/welcome_dag.py for tasks to queue
[2024-07-28T23:55:54.854+0000] {logging_mixin.py:188} INFO - [2024-07-28T23:55:54.853+0000] {dagbag.py:545} INFO - Filling up the DagBag from /opt/airflow/dags/welcome_dag.py
[2024-07-28T23:55:54.950+0000] {processor.py:840} INFO - DAG(s) 'welcome_dag' retrieved from /opt/airflow/dags/welcome_dag.py
[2024-07-28T23:55:55.033+0000] {logging_mixin.py:188} INFO - [2024-07-28T23:55:55.033+0000] {dag.py:3089} INFO - Sync 1 DAGs
[2024-07-28T23:55:55.083+0000] {logging_mixin.py:188} INFO - [2024-07-28T23:55:55.083+0000] {dag.py:3947} INFO - Setting next_dagrun for welcome_dag to 2024-07-27 23:00:00+00:00, run_after=2024-07-28 23:00:00+00:00
[2024-07-28T23:55:55.200+0000] {processor.py:183} INFO - Processing /opt/airflow/dags/welcome_dag.py took 0.374 seconds
[2024-07-28T23:56:25.848+0000] {processor.py:161} INFO - Started process (PID=629) to work on /opt/airflow/dags/welcome_dag.py
[2024-07-28T23:56:25.850+0000] {processor.py:830} INFO - Processing file /opt/airflow/dags/welcome_dag.py for tasks to queue
[2024-07-28T23:56:25.856+0000] {logging_mixin.py:188} INFO - [2024-07-28T23:56:25.855+0000] {dagbag.py:545} INFO - Filling up the DagBag from /opt/airflow/dags/welcome_dag.py
[2024-07-28T23:56:25.912+0000] {processor.py:840} INFO - DAG(s) 'welcome_dag' retrieved from /opt/airflow/dags/welcome_dag.py
[2024-07-28T23:56:25.963+0000] {logging_mixin.py:188} INFO - [2024-07-28T23:56:25.963+0000] {dag.py:3089} INFO - Sync 1 DAGs
[2024-07-28T23:56:26.012+0000] {logging_mixin.py:188} INFO - [2024-07-28T23:56:26.011+0000] {dag.py:3947} INFO - Setting next_dagrun for welcome_dag to 2024-07-27 23:00:00+00:00, run_after=2024-07-28 23:00:00+00:00
[2024-07-28T23:56:26.136+0000] {processor.py:183} INFO - Processing /opt/airflow/dags/welcome_dag.py took 0.298 seconds
[2024-07-28T23:56:56.833+0000] {processor.py:161} INFO - Started process (PID=631) to work on /opt/airflow/dags/welcome_dag.py
[2024-07-28T23:56:56.837+0000] {processor.py:830} INFO - Processing file /opt/airflow/dags/welcome_dag.py for tasks to queue
[2024-07-28T23:56:56.852+0000] {logging_mixin.py:188} INFO - [2024-07-28T23:56:56.851+0000] {dagbag.py:545} INFO - Filling up the DagBag from /opt/airflow/dags/welcome_dag.py
[2024-07-28T23:56:56.939+0000] {processor.py:840} INFO - DAG(s) 'welcome_dag' retrieved from /opt/airflow/dags/welcome_dag.py
[2024-07-28T23:56:57.007+0000] {logging_mixin.py:188} INFO - [2024-07-28T23:56:57.006+0000] {dag.py:3089} INFO - Sync 1 DAGs
[2024-07-28T23:56:57.076+0000] {logging_mixin.py:188} INFO - [2024-07-28T23:56:57.075+0000] {dag.py:3947} INFO - Setting next_dagrun for welcome_dag to 2024-07-27 23:00:00+00:00, run_after=2024-07-28 23:00:00+00:00
[2024-07-28T23:56:57.238+0000] {processor.py:183} INFO - Processing /opt/airflow/dags/welcome_dag.py took 0.429 seconds
[2024-07-28T23:57:27.863+0000] {processor.py:161} INFO - Started process (PID=633) to work on /opt/airflow/dags/welcome_dag.py
[2024-07-28T23:57:27.865+0000] {processor.py:830} INFO - Processing file /opt/airflow/dags/welcome_dag.py for tasks to queue
[2024-07-28T23:57:27.869+0000] {logging_mixin.py:188} INFO - [2024-07-28T23:57:27.868+0000] {dagbag.py:545} INFO - Filling up the DagBag from /opt/airflow/dags/welcome_dag.py
[2024-07-28T23:57:27.929+0000] {processor.py:840} INFO - DAG(s) 'welcome_dag' retrieved from /opt/airflow/dags/welcome_dag.py
[2024-07-28T23:57:27.988+0000] {logging_mixin.py:188} INFO - [2024-07-28T23:57:27.987+0000] {dag.py:3089} INFO - Sync 1 DAGs
[2024-07-28T23:57:28.036+0000] {logging_mixin.py:188} INFO - [2024-07-28T23:57:28.036+0000] {dag.py:3947} INFO - Setting next_dagrun for welcome_dag to 2024-07-27 23:00:00+00:00, run_after=2024-07-28 23:00:00+00:00
[2024-07-28T23:57:28.180+0000] {processor.py:183} INFO - Processing /opt/airflow/dags/welcome_dag.py took 0.326 seconds
[2024-07-28T23:57:58.740+0000] {processor.py:161} INFO - Started process (PID=635) to work on /opt/airflow/dags/welcome_dag.py
[2024-07-28T23:57:58.742+0000] {processor.py:830} INFO - Processing file /opt/airflow/dags/welcome_dag.py for tasks to queue
[2024-07-28T23:57:58.746+0000] {logging_mixin.py:188} INFO - [2024-07-28T23:57:58.745+0000] {dagbag.py:545} INFO - Filling up the DagBag from /opt/airflow/dags/welcome_dag.py
[2024-07-28T23:57:58.809+0000] {processor.py:840} INFO - DAG(s) 'welcome_dag' retrieved from /opt/airflow/dags/welcome_dag.py
[2024-07-28T23:57:58.872+0000] {logging_mixin.py:188} INFO - [2024-07-28T23:57:58.872+0000] {dag.py:3089} INFO - Sync 1 DAGs
[2024-07-28T23:57:58.923+0000] {logging_mixin.py:188} INFO - [2024-07-28T23:57:58.923+0000] {dag.py:3947} INFO - Setting next_dagrun for welcome_dag to 2024-07-27 23:00:00+00:00, run_after=2024-07-28 23:00:00+00:00
[2024-07-28T23:57:59.072+0000] {processor.py:183} INFO - Processing /opt/airflow/dags/welcome_dag.py took 0.340 seconds
[2024-07-28T23:58:29.807+0000] {processor.py:161} INFO - Started process (PID=637) to work on /opt/airflow/dags/welcome_dag.py
[2024-07-28T23:58:29.810+0000] {processor.py:830} INFO - Processing file /opt/airflow/dags/welcome_dag.py for tasks to queue
[2024-07-28T23:58:29.813+0000] {logging_mixin.py:188} INFO - [2024-07-28T23:58:29.812+0000] {dagbag.py:545} INFO - Filling up the DagBag from /opt/airflow/dags/welcome_dag.py
[2024-07-28T23:58:29.888+0000] {processor.py:840} INFO - DAG(s) 'welcome_dag' retrieved from /opt/airflow/dags/welcome_dag.py
[2024-07-28T23:58:29.962+0000] {logging_mixin.py:188} INFO - [2024-07-28T23:58:29.961+0000] {dag.py:3089} INFO - Sync 1 DAGs
[2024-07-28T23:58:30.011+0000] {logging_mixin.py:188} INFO - [2024-07-28T23:58:30.010+0000] {dag.py:3947} INFO - Setting next_dagrun for welcome_dag to 2024-07-27 23:00:00+00:00, run_after=2024-07-28 23:00:00+00:00
[2024-07-28T23:58:30.150+0000] {processor.py:183} INFO - Processing /opt/airflow/dags/welcome_dag.py took 0.351 seconds
[2024-07-28T23:59:00.803+0000] {processor.py:161} INFO - Started process (PID=639) to work on /opt/airflow/dags/welcome_dag.py
[2024-07-28T23:59:00.806+0000] {processor.py:830} INFO - Processing file /opt/airflow/dags/welcome_dag.py for tasks to queue
[2024-07-28T23:59:00.811+0000] {logging_mixin.py:188} INFO - [2024-07-28T23:59:00.810+0000] {dagbag.py:545} INFO - Filling up the DagBag from /opt/airflow/dags/welcome_dag.py
[2024-07-28T23:59:00.887+0000] {processor.py:840} INFO - DAG(s) 'welcome_dag' retrieved from /opt/airflow/dags/welcome_dag.py
[2024-07-28T23:59:00.953+0000] {logging_mixin.py:188} INFO - [2024-07-28T23:59:00.952+0000] {dag.py:3089} INFO - Sync 1 DAGs
[2024-07-28T23:59:00.998+0000] {logging_mixin.py:188} INFO - [2024-07-28T23:59:00.997+0000] {dag.py:3947} INFO - Setting next_dagrun for welcome_dag to 2024-07-27 23:00:00+00:00, run_after=2024-07-28 23:00:00+00:00
[2024-07-28T23:59:01.131+0000] {processor.py:183} INFO - Processing /opt/airflow/dags/welcome_dag.py took 0.347 seconds
[2024-07-28T23:59:31.739+0000] {processor.py:161} INFO - Started process (PID=641) to work on /opt/airflow/dags/welcome_dag.py
[2024-07-28T23:59:31.742+0000] {processor.py:830} INFO - Processing file /opt/airflow/dags/welcome_dag.py for tasks to queue
[2024-07-28T23:59:31.746+0000] {logging_mixin.py:188} INFO - [2024-07-28T23:59:31.745+0000] {dagbag.py:545} INFO - Filling up the DagBag from /opt/airflow/dags/welcome_dag.py
[2024-07-28T23:59:31.813+0000] {processor.py:840} INFO - DAG(s) 'welcome_dag' retrieved from /opt/airflow/dags/welcome_dag.py
[2024-07-28T23:59:31.878+0000] {logging_mixin.py:188} INFO - [2024-07-28T23:59:31.877+0000] {dag.py:3089} INFO - Sync 1 DAGs
[2024-07-28T23:59:31.926+0000] {logging_mixin.py:188} INFO - [2024-07-28T23:59:31.926+0000] {dag.py:3947} INFO - Setting next_dagrun for welcome_dag to 2024-07-27 23:00:00+00:00, run_after=2024-07-28 23:00:00+00:00
[2024-07-28T23:59:32.070+0000] {processor.py:183} INFO - Processing /opt/airflow/dags/welcome_dag.py took 0.344 seconds
